<?xml version="1.0" encoding="UTF-8"?>
<!-- Generated by org.testng.reporters.JUnitReportReporter -->
<testsuite hostname="DESKTOP-U9BEVS1" failures="0" tests="1" name="jenkins_successfully_done.jenkins_successfully_done.jenkins_successfully_done" time="7.874" errors="0" timestamp="2020-05-27T12:54:20 IST" skipped="0">
  <testcase classname="jenkins_successfully_done.jenkins_successfully_done.jenkins_successfully_done" name="login" time="7.874"/>
</testsuite> <!-- jenkins_successfully_done.jenkins_successfully_done.jenkins_successfully_done -->
